<?xml version="1.0" encoding="UTF-8"?>
<testng-results skipped="0" failed="0" total="1" passed="1">
  <reporter-output>
  </reporter-output>
  <suite name="Default suite" duration-ms="46" started-at="2016-02-25T21:22:19Z" finished-at="2016-02-25T21:22:19Z">
    <groups>
    </groups>
    <test name="Default test" duration-ms="46" started-at="2016-02-25T21:22:19Z" finished-at="2016-02-25T21:22:19Z">
      <class name="com.org.helloWorld.HelloMaven.HelloMavenTest">
        <test-method status="PASS" signature="login()[pri:0, instance:com.org.helloWorld.HelloMaven.HelloMavenTest@ba4d54]" name="login" duration-ms="15" started-at="2016-02-25T15:22:19Z" finished-at="2016-02-25T15:22:19Z">
          <reporter-output>
          </reporter-output>
        </test-method> <!-- login -->
      </class> <!-- com.org.helloWorld.HelloMaven.HelloMavenTest -->
    </test> <!-- Default test -->
  </suite> <!-- Default suite -->
</testng-results>
